Performing C SOURCE FILE Test CMAKE_HAVE_LIBC_PTHREAD failed with the following output:
Change Dir: /home/hiladmin/test/yamcs_system_demo/fprime_demo/src/fprime_app/build-fprime-automatic-native/sub-build-info-cache/CMakeFiles/CMakeScratch/TryCompile-XPoNEJ

Run Build Command(s):/usr/bin/make -f Makefile cmTC_d07fd/fast && /usr/bin/make  -f CMakeFiles/cmTC_d07fd.dir/build.make CMakeFiles/cmTC_d07fd.dir/build
make[1]: Entering directory '/home/hiladmin/test/yamcs_system_demo/fprime_demo/src/fprime_app/build-fprime-automatic-native/sub-build-info-cache/CMakeFiles/CMakeScratch/TryCompile-XPoNEJ'
Building C object CMakeFiles/cmTC_d07fd.dir/src.c.o
/usr/bin/cc -DCMAKE_HAVE_LIBC_PTHREAD   -o CMakeFiles/cmTC_d07fd.dir/src.c.o -c /home/hiladmin/test/yamcs_system_demo/fprime_demo/src/fprime_app/build-fprime-automatic-native/sub-build-info-cache/CMakeFiles/CMakeScratch/TryCompile-XPoNEJ/src.c
Linking C executable cmTC_d07fd
/usr/local/bin/cmake -E cmake_link_script CMakeFiles/cmTC_d07fd.dir/link.txt --verbose=1
/usr/bin/cc CMakeFiles/cmTC_d07fd.dir/src.c.o -o cmTC_d07fd 
/usr/bin/ld: CMakeFiles/cmTC_d07fd.dir/src.c.o: in function `main':
src.c:(.text+0x46): undefined reference to `pthread_create'
/usr/bin/ld: src.c:(.text+0x52): undefined reference to `pthread_detach'
/usr/bin/ld: src.c:(.text+0x5e): undefined reference to `pthread_cancel'
/usr/bin/ld: src.c:(.text+0x6f): undefined reference to `pthread_join'
collect2: error: ld returned 1 exit status
make[1]: *** [CMakeFiles/cmTC_d07fd.dir/build.make:99: cmTC_d07fd] Error 1
make[1]: Leaving directory '/home/hiladmin/test/yamcs_system_demo/fprime_demo/src/fprime_app/build-fprime-automatic-native/sub-build-info-cache/CMakeFiles/CMakeScratch/TryCompile-XPoNEJ'
make: *** [Makefile:127: cmTC_d07fd/fast] Error 2


Source file was:
#include <pthread.h>

static void* test_func(void* data)
{
  return data;
}

int main(void)
{
  pthread_t thread;
  pthread_create(&thread, NULL, test_func, NULL);
  pthread_detach(thread);
  pthread_cancel(thread);
  pthread_join(thread, NULL);
  pthread_atfork(NULL, NULL, NULL);
  pthread_exit(NULL);

  return 0;
}


Determining if the function pthread_create exists in the pthreads failed with the following output:
Change Dir: /home/hiladmin/test/yamcs_system_demo/fprime_demo/src/fprime_app/build-fprime-automatic-native/sub-build-info-cache/CMakeFiles/CMakeScratch/TryCompile-ckqgjJ

Run Build Command(s):/usr/bin/make -f Makefile cmTC_2404a/fast && /usr/bin/make  -f CMakeFiles/cmTC_2404a.dir/build.make CMakeFiles/cmTC_2404a.dir/build
make[1]: Entering directory '/home/hiladmin/test/yamcs_system_demo/fprime_demo/src/fprime_app/build-fprime-automatic-native/sub-build-info-cache/CMakeFiles/CMakeScratch/TryCompile-ckqgjJ'
Building C object CMakeFiles/cmTC_2404a.dir/CheckFunctionExists.c.o
/usr/bin/cc   -DCHECK_FUNCTION_EXISTS=pthread_create -o CMakeFiles/cmTC_2404a.dir/CheckFunctionExists.c.o -c /home/hiladmin/test/yamcs_system_demo/fprime_demo/src/fprime_app/build-fprime-automatic-native/sub-build-info-cache/CMakeFiles/CMakeScratch/TryCompile-ckqgjJ/CheckFunctionExists.c
Linking C executable cmTC_2404a
/usr/local/bin/cmake -E cmake_link_script CMakeFiles/cmTC_2404a.dir/link.txt --verbose=1
/usr/bin/cc  -DCHECK_FUNCTION_EXISTS=pthread_create CMakeFiles/cmTC_2404a.dir/CheckFunctionExists.c.o -o cmTC_2404a  -lpthreads 
/usr/bin/ld: cannot find -lpthreads
collect2: error: ld returned 1 exit status
make[1]: *** [CMakeFiles/cmTC_2404a.dir/build.make:99: cmTC_2404a] Error 1
make[1]: Leaving directory '/home/hiladmin/test/yamcs_system_demo/fprime_demo/src/fprime_app/build-fprime-automatic-native/sub-build-info-cache/CMakeFiles/CMakeScratch/TryCompile-ckqgjJ'
make: *** [Makefile:127: cmTC_2404a/fast] Error 2



